<?xml version="1.0" encoding="UTF-8"?>
<!-- Generated by org.testng.reporters.JUnitReportReporter -->
<testsuite hostname="Lenovo-PC" failures="0" tests="1" name="ESCN.ViratTest" time="0.014" errors="0" timestamp="2022-05-16T21:01:03 IST" skipped="0">
  <testcase classname="ESCN.ViratTest" name="testTest" time="0.014"/>
  <system-out/>
</testsuite> <!-- ESCN.ViratTest -->
