<?xml version="1.0" encoding="UTF-8"?>
<!-- Generated by org.testng.reporters.JUnitReportReporter -->
<testsuite hostname="Lenovo-PC" failures="0" tests="1" name="ESCN.Virat" time="0.019" errors="0" timestamp="2022-05-13T16:51:12 IST" skipped="0">
  <testcase classname="ESCN.Virat" name="test" time="0.019"/>
  <system-out/>
</testsuite> <!-- ESCN.Virat -->
